2020-03-08T09:10:35+00:00 CRITICAL Uncaught Error: Call to undefined function copyalert() in /www/wwwroot/www.syrathon.com/wp-content/themes/quality/footer.php:40
Stack trace:
#0 /www/wwwroot/www.syrathon.com/wp-includes/template.php(722): require_once()
#1 /www/wwwroot/www.syrathon.com/wp-includes/template.php(671): load_template('/www/wwwroot/ww...', true)
#2 /www/wwwroot/www.syrathon.com/wp-includes/general-template.php(76): locate_template(Array, true)
#3 /www/wwwroot/www.syrathon.com/wp-content/themes/quality/single.php(25): get_footer()
#4 /www/wwwroot/www.syrathon.com/wp-includes/template-loader.php(98): include('/www/wwwroot/ww...')
#5 /www/wwwroot/www.syrathon.com/wp-blog-header.php(19): require_once('/www/wwwroot/ww...')
#6 /www/wwwroot/www.syrathon.com/index.php(17): require('/www/wwwroot/ww...')
#7 {main}
  thrown in /www/wwwroot/www.syrathon.com/wp-content/themes/quality/footer.php on line 40

2020-03-08T09:10:42+00:00 CRITICAL Uncaught Error: Call to undefined function copyalert() in /www/wwwroot/www.syrathon.com/wp-content/themes/quality/footer.php:40
Stack trace:
#0 /www/wwwroot/www.syrathon.com/wp-includes/template.php(722): require_once()
#1 /www/wwwroot/www.syrathon.com/wp-includes/template.php(671): load_template('/www/wwwroot/ww...', true)
#2 /www/wwwroot/www.syrathon.com/wp-includes/general-template.php(76): locate_template(Array, true)
#3 /www/wwwroot/www.syrathon.com/wp-content/themes/quality/single.php(25): get_footer()
#4 /www/wwwroot/www.syrathon.com/wp-includes/template-loader.php(98): include('/www/wwwroot/ww...')
#5 /www/wwwroot/www.syrathon.com/wp-blog-header.php(19): require_once('/www/wwwroot/ww...')
#6 /www/wwwroot/www.syrathon.com/index.php(17): require('/www/wwwroot/ww...')
#7 {main}
  thrown in /www/wwwroot/www.syrathon.com/wp-content/themes/quality/footer.php on line 40

2020-03-08T09:10:45+00:00 CRITICAL Uncaught Error: Call to undefined function copyalert() in /www/wwwroot/www.syrathon.com/wp-content/themes/quality/footer.php:40
Stack trace:
#0 /www/wwwroot/www.syrathon.com/wp-includes/template.php(722): require_once()
#1 /www/wwwroot/www.syrathon.com/wp-includes/template.php(671): load_template('/www/wwwroot/ww...', true)
#2 /www/wwwroot/www.syrathon.com/wp-includes/general-template.php(76): locate_template(Array, true)
#3 /www/wwwroot/www.syrathon.com/wp-content/themes/quality/single.php(25): get_footer()
#4 /www/wwwroot/www.syrathon.com/wp-includes/template-loader.php(98): include('/www/wwwroot/ww...')
#5 /www/wwwroot/www.syrathon.com/wp-blog-header.php(19): require_once('/www/wwwroot/ww...')
#6 /www/wwwroot/www.syrathon.com/index.php(17): require('/www/wwwroot/ww...')
#7 {main}
  thrown in /www/wwwroot/www.syrathon.com/wp-content/themes/quality/footer.php on line 40

2020-03-08T09:10:50+00:00 CRITICAL Uncaught Error: Call to undefined function copyalert() in /www/wwwroot/www.syrathon.com/wp-content/themes/quality/footer.php:40
Stack trace:
#0 /www/wwwroot/www.syrathon.com/wp-includes/template.php(722): require_once()
#1 /www/wwwroot/www.syrathon.com/wp-includes/template.php(671): load_template('/www/wwwroot/ww...', true)
#2 /www/wwwroot/www.syrathon.com/wp-includes/general-template.php(76): locate_template(Array, true)
#3 /www/wwwroot/www.syrathon.com/wp-content/themes/quality/single.php(25): get_footer()
#4 /www/wwwroot/www.syrathon.com/wp-includes/template-loader.php(98): include('/www/wwwroot/ww...')
#5 /www/wwwroot/www.syrathon.com/wp-blog-header.php(19): require_once('/www/wwwroot/ww...')
#6 /www/wwwroot/www.syrathon.com/index.php(17): require('/www/wwwroot/ww...')
#7 {main}
  thrown in /www/wwwroot/www.syrathon.com/wp-content/themes/quality/footer.php on line 40

2020-03-08T09:11:35+00:00 CRITICAL Uncaught Error: Call to undefined function copyalert() in /www/wwwroot/www.syrathon.com/wp-content/themes/quality/footer.php:40
Stack trace:
#0 /www/wwwroot/www.syrathon.com/wp-includes/template.php(722): require_once()
#1 /www/wwwroot/www.syrathon.com/wp-includes/template.php(671): load_template('/www/wwwroot/ww...', true)
#2 /www/wwwroot/www.syrathon.com/wp-includes/general-template.php(76): locate_template(Array, true)
#3 /www/wwwroot/www.syrathon.com/wp-content/themes/quality/single.php(25): get_footer()
#4 /www/wwwroot/www.syrathon.com/wp-includes/template-loader.php(98): include('/www/wwwroot/ww...')
#5 /www/wwwroot/www.syrathon.com/wp-blog-header.php(19): require_once('/www/wwwroot/ww...')
#6 /www/wwwroot/www.syrathon.com/index.php(17): require('/www/wwwroot/ww...')
#7 {main}
  thrown in /www/wwwroot/www.syrathon.com/wp-content/themes/quality/footer.php on line 40

2020-03-08T09:11:38+00:00 CRITICAL Uncaught Error: Call to undefined function copyalert() in /www/wwwroot/www.syrathon.com/wp-content/themes/quality/footer.php:27
Stack trace:
#0 /www/wwwroot/www.syrathon.com/wp-includes/template.php(722): require_once()
#1 /www/wwwroot/www.syrathon.com/wp-includes/template.php(671): load_template('/www/wwwroot/ww...', true)
#2 /www/wwwroot/www.syrathon.com/wp-includes/general-template.php(76): locate_template(Array, true)
#3 /www/wwwroot/www.syrathon.com/wp-content/themes/quality/single.php(25): get_footer()
#4 /www/wwwroot/www.syrathon.com/wp-includes/template-loader.php(98): include('/www/wwwroot/ww...')
#5 /www/wwwroot/www.syrathon.com/wp-blog-header.php(19): require_once('/www/wwwroot/ww...')
#6 /www/wwwroot/www.syrathon.com/index.php(17): require('/www/wwwroot/ww...')
#7 {main}
  thrown in /www/wwwroot/www.syrathon.com/wp-content/themes/quality/footer.php on line 27

2020-03-08T09:11:56+00:00 CRITICAL Uncaught Error: Call to undefined function copyalert() in /www/wwwroot/www.syrathon.com/wp-content/themes/quality/footer.php:27
Stack trace:
#0 /www/wwwroot/www.syrathon.com/wp-includes/template.php(722): require_once()
#1 /www/wwwroot/www.syrathon.com/wp-includes/template.php(671): load_template('/www/wwwroot/ww...', true)
#2 /www/wwwroot/www.syrathon.com/wp-includes/general-template.php(76): locate_template(Array, true)
#3 /www/wwwroot/www.syrathon.com/wp-content/themes/quality/single.php(25): get_footer()
#4 /www/wwwroot/www.syrathon.com/wp-includes/template-loader.php(98): include('/www/wwwroot/ww...')
#5 /www/wwwroot/www.syrathon.com/wp-blog-header.php(19): require_once('/www/wwwroot/ww...')
#6 /www/wwwroot/www.syrathon.com/index.php(17): require('/www/wwwroot/ww...')
#7 {main}
  thrown in /www/wwwroot/www.syrathon.com/wp-content/themes/quality/footer.php on line 27

2020-03-08T09:12:08+00:00 CRITICAL Uncaught Error: Call to undefined function copyalert() in /www/wwwroot/www.syrathon.com/wp-content/themes/quality/footer.php:27
Stack trace:
#0 /www/wwwroot/www.syrathon.com/wp-includes/template.php(722): require_once()
#1 /www/wwwroot/www.syrathon.com/wp-includes/template.php(671): load_template('/www/wwwroot/ww...', true)
#2 /www/wwwroot/www.syrathon.com/wp-includes/general-template.php(76): locate_template(Array, true)
#3 /www/wwwroot/www.syrathon.com/wp-content/themes/quality/single.php(25): get_footer()
#4 /www/wwwroot/www.syrathon.com/wp-includes/template-loader.php(98): include('/www/wwwroot/ww...')
#5 /www/wwwroot/www.syrathon.com/wp-blog-header.php(19): require_once('/www/wwwroot/ww...')
#6 /www/wwwroot/www.syrathon.com/index.php(17): require('/www/wwwroot/ww...')
#7 {main}
  thrown in /www/wwwroot/www.syrathon.com/wp-content/themes/quality/footer.php on line 27

2020-03-08T09:12:10+00:00 CRITICAL Uncaught Error: Call to undefined function copyalert() in /www/wwwroot/www.syrathon.com/wp-content/themes/quality/footer.php:27
Stack trace:
#0 /www/wwwroot/www.syrathon.com/wp-includes/template.php(722): require_once()
#1 /www/wwwroot/www.syrathon.com/wp-includes/template.php(671): load_template('/www/wwwroot/ww...', true)
#2 /www/wwwroot/www.syrathon.com/wp-includes/general-template.php(76): locate_template(Array, true)
#3 /www/wwwroot/www.syrathon.com/wp-content/themes/quality/single.php(25): get_footer()
#4 /www/wwwroot/www.syrathon.com/wp-includes/template-loader.php(98): include('/www/wwwroot/ww...')
#5 /www/wwwroot/www.syrathon.com/wp-blog-header.php(19): require_once('/www/wwwroot/ww...')
#6 /www/wwwroot/www.syrathon.com/index.php(17): require('/www/wwwroot/ww...')
#7 {main}
  thrown in /www/wwwroot/www.syrathon.com/wp-content/themes/quality/footer.php on line 27

2020-03-08T09:12:13+00:00 CRITICAL Uncaught Error: Call to undefined function copyalert() in /www/wwwroot/www.syrathon.com/wp-content/themes/quality/footer.php:27
Stack trace:
#0 /www/wwwroot/www.syrathon.com/wp-includes/template.php(722): require_once()
#1 /www/wwwroot/www.syrathon.com/wp-includes/template.php(671): load_template('/www/wwwroot/ww...', true)
#2 /www/wwwroot/www.syrathon.com/wp-includes/general-template.php(76): locate_template(Array, true)
#3 /www/wwwroot/www.syrathon.com/wp-content/themes/quality/single.php(25): get_footer()
#4 /www/wwwroot/www.syrathon.com/wp-includes/template-loader.php(98): include('/www/wwwroot/ww...')
#5 /www/wwwroot/www.syrathon.com/wp-blog-header.php(19): require_once('/www/wwwroot/ww...')
#6 /www/wwwroot/www.syrathon.com/index.php(17): require('/www/wwwroot/ww...')
#7 {main}
  thrown in /www/wwwroot/www.syrathon.com/wp-content/themes/quality/footer.php on line 27

2020-03-08T09:12:28+00:00 CRITICAL Uncaught Error: Call to undefined function copyalert() in /www/wwwroot/www.syrathon.com/wp-content/themes/quality/footer.php:27
Stack trace:
#0 /www/wwwroot/www.syrathon.com/wp-includes/template.php(722): require_once()
#1 /www/wwwroot/www.syrathon.com/wp-includes/template.php(671): load_template('/www/wwwroot/ww...', true)
#2 /www/wwwroot/www.syrathon.com/wp-includes/general-template.php(76): locate_template(Array, true)
#3 /www/wwwroot/www.syrathon.com/wp-content/themes/quality/single.php(25): get_footer()
#4 /www/wwwroot/www.syrathon.com/wp-includes/template-loader.php(98): include('/www/wwwroot/ww...')
#5 /www/wwwroot/www.syrathon.com/wp-blog-header.php(19): require_once('/www/wwwroot/ww...')
#6 /www/wwwroot/www.syrathon.com/index.php(17): require('/www/wwwroot/ww...')
#7 {main}
  thrown in /www/wwwroot/www.syrathon.com/wp-content/themes/quality/footer.php on line 27

2020-03-08T09:12:30+00:00 CRITICAL Uncaught Error: Call to undefined function copyalert() in /www/wwwroot/www.syrathon.com/wp-content/themes/quality/footer.php:27
Stack trace:
#0 /www/wwwroot/www.syrathon.com/wp-includes/template.php(722): require_once()
#1 /www/wwwroot/www.syrathon.com/wp-includes/template.php(671): load_template('/www/wwwroot/ww...', true)
#2 /www/wwwroot/www.syrathon.com/wp-includes/general-template.php(76): locate_template(Array, true)
#3 /www/wwwroot/www.syrathon.com/wp-content/themes/quality/single.php(25): get_footer()
#4 /www/wwwroot/www.syrathon.com/wp-includes/template-loader.php(98): include('/www/wwwroot/ww...')
#5 /www/wwwroot/www.syrathon.com/wp-blog-header.php(19): require_once('/www/wwwroot/ww...')
#6 /www/wwwroot/www.syrathon.com/index.php(17): require('/www/wwwroot/ww...')
#7 {main}
  thrown in /www/wwwroot/www.syrathon.com/wp-content/themes/quality/footer.php on line 27

